2026-06-25T11:46:44.386+05:30  INFO 24664 --- [ProductCrudApp] [restartedMain] in.belenits.ProductCrudAppApplication    : Starting ProductCrudAppApplication using Java 21.0.11 with PID 24664 (C:\Users\Belen ITS\IdeaProjects\ProductCrudApp\target\classes started by Belen ITS in C:\Users\Belen ITS\IdeaProjects\ProductCrudApp)
2026-06-25T11:46:44.392+05:30 DEBUG 24664 --- [ProductCrudApp] [restartedMain] in.belenits.ProductCrudAppApplication    : Running with Spring Boot v4.1.0, Spring v7.0.8
2026-06-25T11:46:44.393+05:30  INFO 24664 --- [ProductCrudApp] [restartedMain] in.belenits.ProductCrudAppApplication    : No active profile set, falling back to 1 default profile: "default"
2026-06-25T11:46:44.454+05:30  INFO 24664 --- [ProductCrudApp] [restartedMain] .e.DevToolsPropertyDefaultsPostProcessor : Devtools property defaults active! Set 'spring.devtools.add-properties' to 'false' to disable
2026-06-25T11:46:44.454+05:30  INFO 24664 --- [ProductCrudApp] [restartedMain] .e.DevToolsPropertyDefaultsPostProcessor : For additional web related logging consider setting the 'logging.level.web' property to 'DEBUG'
2026-06-25T11:46:45.145+05:30  INFO 24664 --- [ProductCrudApp] [restartedMain] .s.d.r.c.RepositoryConfigurationDelegate : Bootstrapping Spring Data JPA repositories in DEFAULT mode.
2026-06-25T11:46:45.255+05:30  INFO 24664 --- [ProductCrudApp] [restartedMain] .s.d.r.c.RepositoryConfigurationDelegate : Finished Spring Data repository scanning in 89 ms. Found 1 JPA repository interface.
2026-06-25T11:46:45.902+05:30  INFO 24664 --- [ProductCrudApp] [restartedMain] o.s.boot.tomcat.TomcatWebServer          : Tomcat initialized with port 8080 (http)
2026-06-25T11:46:45.916+05:30  INFO 24664 --- [ProductCrudApp] [restartedMain] o.apache.catalina.core.StandardService   : Starting service [Tomcat]
2026-06-25T11:46:45.916+05:30  INFO 24664 --- [ProductCrudApp] [restartedMain] o.apache.catalina.core.StandardEngine    : Starting Servlet engine: [Apache Tomcat/11.0.22]
2026-06-25T11:46:45.961+05:30  INFO 24664 --- [ProductCrudApp] [restartedMain] b.w.c.s.WebApplicationContextInitializer : Root WebApplicationContext: initialization completed in 1506 ms
2026-06-25T11:46:46.174+05:30  INFO 24664 --- [ProductCrudApp] [restartedMain] org.hibernate.orm.jpa                    : HHH008540: Processing PersistenceUnitInfo [name: default]
2026-06-25T11:46:46.266+05:30  INFO 24664 --- [ProductCrudApp] [restartedMain] org.hibernate.orm.core                   : HHH000001: Hibernate ORM core version 7.4.1.Final
2026-06-25T11:46:47.198+05:30  INFO 24664 --- [ProductCrudApp] [restartedMain] o.s.o.j.p.SpringPersistenceUnitInfo      : No LoadTimeWeaver setup: ignoring JPA class transformer
2026-06-25T11:46:47.290+05:30  INFO 24664 --- [ProductCrudApp] [restartedMain] com.zaxxer.hikari.HikariDataSource       : HikariPool-1 - Starting...
2026-06-25T11:46:47.643+05:30  INFO 24664 --- [ProductCrudApp] [restartedMain] com.zaxxer.hikari.pool.HikariPool        : HikariPool-1 - Added connection conn0: url=jdbc:h2:mem:productdb user=SA
2026-06-25T11:46:47.645+05:30  INFO 24664 --- [ProductCrudApp] [restartedMain] com.zaxxer.hikari.HikariDataSource       : HikariPool-1 - Start completed.
2026-06-25T11:46:47.689+05:30  WARN 24664 --- [ProductCrudApp] [restartedMain] org.hibernate.orm.deprecation            : HHH90000025: H2Dialect does not need to be specified explicitly using 'hibernate.dialect' (remove the property setting and it will be selected by default)
2026-06-25T11:46:47.742+05:30  INFO 24664 --- [ProductCrudApp] [restartedMain] org.hibernate.orm.connections.pooling    : HHH10001005: Database info:
	Database JDBC URL [jdbc:h2:mem:productdb]
	Database driver: H2 JDBC Driver
	Database dialect: H2Dialect
	Database version: 2.4.240
	Default catalog/schema: PRODUCTDB/PUBLIC
	Autocommit mode: undefined/unknown
	Isolation level: READ_COMMITTED [default READ_COMMITTED]
	JDBC fetch size: 100
	Pool: DataSourceConnectionProvider
	Minimum pool size: undefined/unknown
	Maximum pool size: undefined/unknown
2026-06-25T11:46:49.276+05:30  INFO 24664 --- [ProductCrudApp] [restartedMain] org.hibernate.orm.core                   : HHH000489: No JTA platform available (set 'hibernate.transaction.jta.platform' to enable JTA platform integration)
2026-06-25T11:46:49.359+05:30  INFO 24664 --- [ProductCrudApp] [restartedMain] j.LocalContainerEntityManagerFactoryBean : Initialized JPA EntityManagerFactory for persistence unit 'default'
2026-06-25T11:46:49.521+05:30  INFO 24664 --- [ProductCrudApp] [restartedMain] o.s.d.j.r.query.QueryEnhancerFactories   : Hibernate is in classpath; If applicable, HQL parser will be used.
2026-06-25T11:46:49.707+05:30  WARN 24664 --- [ProductCrudApp] [restartedMain] JpaBaseConfiguration$JpaWebConfiguration : spring.jpa.open-in-view is enabled by default. Therefore, database queries may be performed during view rendering. Explicitly configure spring.jpa.open-in-view to disable this warning
2026-06-25T11:46:50.162+05:30  INFO 24664 --- [ProductCrudApp] [restartedMain] o.s.boot.tomcat.TomcatWebServer          : Tomcat started on port 8080 (http) with context path '/'
2026-06-25T11:46:50.166+05:30  INFO 24664 --- [ProductCrudApp] [restartedMain] in.belenits.ProductCrudAppApplication    : Started ProductCrudAppApplication in 6.217 seconds (process running for 7.041)
2026-06-25T11:47:10.366+05:30  INFO 24664 --- [ProductCrudApp] [http-nio-8080-exec-1] o.a.c.c.C.[Tomcat].[localhost].[/]       : Initializing Spring DispatcherServlet 'dispatcherServlet'
2026-06-25T11:47:10.366+05:30  INFO 24664 --- [ProductCrudApp] [http-nio-8080-exec-1] o.s.web.servlet.DispatcherServlet        : Initializing Servlet 'dispatcherServlet'
2026-06-25T11:47:10.367+05:30  INFO 24664 --- [ProductCrudApp] [http-nio-8080-exec-1] o.s.web.servlet.DispatcherServlet        : Completed initialization in 1 ms
2026-06-25T11:47:10.906+05:30  INFO 24664 --- [ProductCrudApp] [http-nio-8080-exec-10] o.springdoc.api.AbstractOpenApiResource  : Init duration for springdoc-openapi is: 213 ms
2026-06-25T11:50:15.583+05:30  INFO 24664 --- [ProductCrudApp] [SpringApplicationShutdownHook] o.s.boot.tomcat.GracefulShutdown         : Commencing graceful shutdown. Waiting for active requests to complete
2026-06-25T11:50:15.592+05:30  INFO 24664 --- [ProductCrudApp] [tomcat-shutdown] o.s.boot.tomcat.GracefulShutdown         : Graceful shutdown complete
2026-06-25T11:50:15.596+05:30  INFO 24664 --- [ProductCrudApp] [SpringApplicationShutdownHook] j.LocalContainerEntityManagerFactoryBean : Closing JPA EntityManagerFactory for persistence unit 'default'
2026-06-25T11:50:15.604+05:30  WARN 24664 --- [ProductCrudApp] [SpringApplicationShutdownHook] o.s.b.f.support.DisposableBeanAdapter    : Invocation of destroy method failed on bean with name 'inMemoryDatabaseShutdownExecutor': org.h2.jdbc.JdbcSQLNonTransientConnectionException: Database is already closed (to disable automatic closing at VM shutdown, add ";DB_CLOSE_ON_EXIT=FALSE" to the db URL) [90121-240]
2026-06-25T11:50:15.604+05:30  INFO 24664 --- [ProductCrudApp] [SpringApplicationShutdownHook] com.zaxxer.hikari.HikariDataSource       : HikariPool-1 - Shutdown initiated...
2026-06-25T11:50:15.607+05:30  INFO 24664 --- [ProductCrudApp] [SpringApplicationShutdownHook] com.zaxxer.hikari.HikariDataSource       : HikariPool-1 - Shutdown completed.
